Build started 2018-11-24 오후 4:41:43.
     1>Project "C:\Users\User\documents\visual studio 2013\Projects\covertAudio\covertAudio Package\covertAudio Package.vcxproj" on node 2 (Build target(s)).
     1>Inf2Cat:
         C:\Program Files\Windows Kits\8.1\bin\x86\inf2cat.exe /os:7_x86 /driver:"C:\Users\User\documents\visual studio 2013\Projects\covertAudio\Win7Debug\covertAudio Package\\" 
         ........................
         Signability test failed.
         
         Errors:
         22.9.4: Bad file name for catalogfile from [Version] section in \covertaudio.inf
         
         Warnings:
         None
     1>Win7Debug\inf2catOutput.log : Inf2Cat error -2: "Inf2Cat, signability test failed." Double click to see the tool output.
     1>Done Building Project "C:\Users\User\documents\visual studio 2013\Projects\covertAudio\covertAudio Package\covertAudio Package.vcxproj" (Build target(s)) -- FAILED.

Build FAILED.

Time Elapsed 00:00:01.34
